<?xml version="1.0" encoding="UTF-8"?>
<!-- Generated by org.testng.reporters.JUnitReportReporter -->
<testsuite hostname="ICPL10383" name="com.test.TestDemo" tests="2" failures="0" timestamp="18 May 2016 05:18:39 GMT" time="0.015" errors="0">
  <testcase name="SecondTestMethod" time="0.013" classname="com.test.TestDemo"/>
  <testcase name="firstTestMethod" time="0.002" classname="com.test.TestDemo"/>
</testsuite> <!-- com.test.TestDemo -->
